[2022-11-18T12:29:07.737+0000] {processor.py:154} INFO - Started process (PID=80) to work on /home/airflow/.local/lib/python3.7/site-packages/airflow/example_dags/example_short_circuit_decorator.py
[2022-11-18T12:29:07.745+0000] {processor.py:756} INFO - Processing file /home/airflow/.local/lib/python3.7/site-packages/airflow/example_dags/example_short_circuit_decorator.py for tasks to queue
[2022-11-18T12:29:07.757+0000] {logging_mixin.py:137} INFO - [2022-11-18T12:29:07.757+0000] {dagbag.py:537} INFO - Filling up the DagBag from /home/airflow/.local/lib/python3.7/site-packages/airflow/example_dags/example_short_circuit_decorator.py
[2022-11-18T12:29:07.891+0000] {processor.py:766} INFO - DAG(s) dict_keys(['example_short_circuit_decorator']) retrieved from /home/airflow/.local/lib/python3.7/site-packages/airflow/example_dags/example_short_circuit_decorator.py
[2022-11-18T12:29:08.033+0000] {logging_mixin.py:137} INFO - [2022-11-18T12:29:08.033+0000] {dag.py:2585} INFO - Sync 1 DAGs
[2022-11-18T12:29:08.128+0000] {logging_mixin.py:137} INFO - [2022-11-18T12:29:08.128+0000] {dag.py:3340} INFO - Setting next_dagrun for example_short_circuit_decorator to 2022-11-17T12:29:08.127676+00:00, run_after=2022-11-18T12:29:08.127676+00:00
[2022-11-18T12:29:08.180+0000] {processor.py:176} INFO - Processing /home/airflow/.local/lib/python3.7/site-packages/airflow/example_dags/example_short_circuit_decorator.py took 0.447 seconds
[2022-11-18T12:29:38.651+0000] {processor.py:154} INFO - Started process (PID=137) to work on /home/airflow/.local/lib/python3.7/site-packages/airflow/example_dags/example_short_circuit_decorator.py
[2022-11-18T12:29:38.660+0000] {processor.py:756} INFO - Processing file /home/airflow/.local/lib/python3.7/site-packages/airflow/example_dags/example_short_circuit_decorator.py for tasks to queue
[2022-11-18T12:29:38.662+0000] {logging_mixin.py:137} INFO - [2022-11-18T12:29:38.662+0000] {dagbag.py:537} INFO - Filling up the DagBag from /home/airflow/.local/lib/python3.7/site-packages/airflow/example_dags/example_short_circuit_decorator.py
[2022-11-18T12:29:38.752+0000] {processor.py:766} INFO - DAG(s) dict_keys(['example_short_circuit_decorator']) retrieved from /home/airflow/.local/lib/python3.7/site-packages/airflow/example_dags/example_short_circuit_decorator.py
[2022-11-18T12:29:38.821+0000] {logging_mixin.py:137} INFO - [2022-11-18T12:29:38.821+0000] {dag.py:2585} INFO - Sync 1 DAGs
[2022-11-18T12:29:38.888+0000] {logging_mixin.py:137} INFO - [2022-11-18T12:29:38.888+0000] {dag.py:3340} INFO - Setting next_dagrun for example_short_circuit_decorator to 2022-11-17T12:29:38.887800+00:00, run_after=2022-11-18T12:29:38.887800+00:00
[2022-11-18T12:29:38.940+0000] {processor.py:176} INFO - Processing /home/airflow/.local/lib/python3.7/site-packages/airflow/example_dags/example_short_circuit_decorator.py took 0.293 seconds
[2022-11-18T12:30:15.948+0000] {processor.py:154} INFO - Started process (PID=194) to work on /home/airflow/.local/lib/python3.7/site-packages/airflow/example_dags/example_short_circuit_decorator.py
[2022-11-18T12:30:15.950+0000] {processor.py:756} INFO - Processing file /home/airflow/.local/lib/python3.7/site-packages/airflow/example_dags/example_short_circuit_decorator.py for tasks to queue
[2022-11-18T12:30:15.952+0000] {logging_mixin.py:137} INFO - [2022-11-18T12:30:15.952+0000] {dagbag.py:537} INFO - Filling up the DagBag from /home/airflow/.local/lib/python3.7/site-packages/airflow/example_dags/example_short_circuit_decorator.py
[2022-11-18T12:30:16.108+0000] {processor.py:766} INFO - DAG(s) dict_keys(['example_short_circuit_decorator']) retrieved from /home/airflow/.local/lib/python3.7/site-packages/airflow/example_dags/example_short_circuit_decorator.py
[2022-11-18T12:30:16.296+0000] {logging_mixin.py:137} INFO - [2022-11-18T12:30:16.296+0000] {dag.py:2585} INFO - Sync 1 DAGs
[2022-11-18T12:30:16.456+0000] {logging_mixin.py:137} INFO - [2022-11-18T12:30:16.455+0000] {dag.py:3340} INFO - Setting next_dagrun for example_short_circuit_decorator to 2022-11-17T12:30:16.451697+00:00, run_after=2022-11-18T12:30:16.451697+00:00
[2022-11-18T12:30:16.542+0000] {processor.py:176} INFO - Processing /home/airflow/.local/lib/python3.7/site-packages/airflow/example_dags/example_short_circuit_decorator.py took 0.609 seconds
[2022-11-18T12:30:46.941+0000] {processor.py:154} INFO - Started process (PID=250) to work on /home/airflow/.local/lib/python3.7/site-packages/airflow/example_dags/example_short_circuit_decorator.py
[2022-11-18T12:30:46.944+0000] {processor.py:756} INFO - Processing file /home/airflow/.local/lib/python3.7/site-packages/airflow/example_dags/example_short_circuit_decorator.py for tasks to queue
[2022-11-18T12:30:46.948+0000] {logging_mixin.py:137} INFO - [2022-11-18T12:30:46.948+0000] {dagbag.py:537} INFO - Filling up the DagBag from /home/airflow/.local/lib/python3.7/site-packages/airflow/example_dags/example_short_circuit_decorator.py
[2022-11-18T12:30:47.036+0000] {processor.py:766} INFO - DAG(s) dict_keys(['example_short_circuit_decorator']) retrieved from /home/airflow/.local/lib/python3.7/site-packages/airflow/example_dags/example_short_circuit_decorator.py
[2022-11-18T12:30:47.206+0000] {logging_mixin.py:137} INFO - [2022-11-18T12:30:47.206+0000] {dag.py:2585} INFO - Sync 1 DAGs
[2022-11-18T12:30:47.286+0000] {logging_mixin.py:137} INFO - [2022-11-18T12:30:47.286+0000] {dag.py:3340} INFO - Setting next_dagrun for example_short_circuit_decorator to 2022-11-17T12:30:47.285723+00:00, run_after=2022-11-18T12:30:47.285723+00:00
[2022-11-18T12:30:47.384+0000] {processor.py:176} INFO - Processing /home/airflow/.local/lib/python3.7/site-packages/airflow/example_dags/example_short_circuit_decorator.py took 0.451 seconds
[2022-11-18T12:31:17.585+0000] {processor.py:154} INFO - Started process (PID=307) to work on /home/airflow/.local/lib/python3.7/site-packages/airflow/example_dags/example_short_circuit_decorator.py
[2022-11-18T12:31:17.587+0000] {processor.py:756} INFO - Processing file /home/airflow/.local/lib/python3.7/site-packages/airflow/example_dags/example_short_circuit_decorator.py for tasks to queue
[2022-11-18T12:31:17.588+0000] {logging_mixin.py:137} INFO - [2022-11-18T12:31:17.588+0000] {dagbag.py:537} INFO - Filling up the DagBag from /home/airflow/.local/lib/python3.7/site-packages/airflow/example_dags/example_short_circuit_decorator.py
[2022-11-18T12:31:17.676+0000] {processor.py:766} INFO - DAG(s) dict_keys(['example_short_circuit_decorator']) retrieved from /home/airflow/.local/lib/python3.7/site-packages/airflow/example_dags/example_short_circuit_decorator.py
[2022-11-18T12:31:17.787+0000] {logging_mixin.py:137} INFO - [2022-11-18T12:31:17.786+0000] {dag.py:2585} INFO - Sync 1 DAGs
[2022-11-18T12:31:17.853+0000] {logging_mixin.py:137} INFO - [2022-11-18T12:31:17.853+0000] {dag.py:3340} INFO - Setting next_dagrun for example_short_circuit_decorator to 2022-11-17T12:31:17.852869+00:00, run_after=2022-11-18T12:31:17.852869+00:00
[2022-11-18T12:31:17.906+0000] {processor.py:176} INFO - Processing /home/airflow/.local/lib/python3.7/site-packages/airflow/example_dags/example_short_circuit_decorator.py took 0.339 seconds
[2022-11-18T12:31:51.400+0000] {processor.py:154} INFO - Started process (PID=364) to work on /home/airflow/.local/lib/python3.7/site-packages/airflow/example_dags/example_short_circuit_decorator.py
[2022-11-18T12:31:51.403+0000] {processor.py:756} INFO - Processing file /home/airflow/.local/lib/python3.7/site-packages/airflow/example_dags/example_short_circuit_decorator.py for tasks to queue
[2022-11-18T12:31:51.405+0000] {logging_mixin.py:137} INFO - [2022-11-18T12:31:51.405+0000] {dagbag.py:537} INFO - Filling up the DagBag from /home/airflow/.local/lib/python3.7/site-packages/airflow/example_dags/example_short_circuit_decorator.py
[2022-11-18T12:31:52.757+0000] {processor.py:766} INFO - DAG(s) dict_keys(['example_short_circuit_decorator']) retrieved from /home/airflow/.local/lib/python3.7/site-packages/airflow/example_dags/example_short_circuit_decorator.py
[2022-11-18T12:31:56.132+0000] {logging_mixin.py:137} INFO - [2022-11-18T12:31:56.089+0000] {dag.py:2585} INFO - Sync 1 DAGs
[2022-11-18T12:31:57.312+0000] {logging_mixin.py:137} INFO - [2022-11-18T12:31:57.215+0000] {dag.py:3340} INFO - Setting next_dagrun for example_short_circuit_decorator to 2022-11-17T12:31:57.202194+00:00, run_after=2022-11-18T12:31:57.202194+00:00
[2022-11-18T12:31:58.060+0000] {processor.py:176} INFO - Processing /home/airflow/.local/lib/python3.7/site-packages/airflow/example_dags/example_short_circuit_decorator.py took 6.740 seconds
[2022-11-18T12:32:58.344+0000] {processor.py:154} INFO - Started process (PID=437) to work on /home/airflow/.local/lib/python3.7/site-packages/airflow/example_dags/example_short_circuit_decorator.py
[2022-11-18T12:32:58.352+0000] {processor.py:756} INFO - Processing file /home/airflow/.local/lib/python3.7/site-packages/airflow/example_dags/example_short_circuit_decorator.py for tasks to queue
[2022-11-18T12:32:58.353+0000] {logging_mixin.py:137} INFO - [2022-11-18T12:32:58.353+0000] {dagbag.py:537} INFO - Filling up the DagBag from /home/airflow/.local/lib/python3.7/site-packages/airflow/example_dags/example_short_circuit_decorator.py
[2022-11-18T12:32:58.694+0000] {processor.py:766} INFO - DAG(s) dict_keys(['example_short_circuit_decorator']) retrieved from /home/airflow/.local/lib/python3.7/site-packages/airflow/example_dags/example_short_circuit_decorator.py
[2022-11-18T12:32:58.882+0000] {logging_mixin.py:137} INFO - [2022-11-18T12:32:58.882+0000] {dag.py:2585} INFO - Sync 1 DAGs
[2022-11-18T12:32:59.245+0000] {logging_mixin.py:137} INFO - [2022-11-18T12:32:59.244+0000] {dag.py:3340} INFO - Setting next_dagrun for example_short_circuit_decorator to 2022-11-17T12:32:59.243830+00:00, run_after=2022-11-18T12:32:59.243830+00:00
[2022-11-18T12:32:59.417+0000] {processor.py:176} INFO - Processing /home/airflow/.local/lib/python3.7/site-packages/airflow/example_dags/example_short_circuit_decorator.py took 1.189 seconds
[2022-11-18T12:34:18.324+0000] {processor.py:154} INFO - Started process (PID=517) to work on /home/airflow/.local/lib/python3.7/site-packages/airflow/example_dags/example_short_circuit_decorator.py
[2022-11-18T12:34:18.334+0000] {processor.py:756} INFO - Processing file /home/airflow/.local/lib/python3.7/site-packages/airflow/example_dags/example_short_circuit_decorator.py for tasks to queue
[2022-11-18T12:34:18.351+0000] {logging_mixin.py:137} INFO - [2022-11-18T12:34:18.349+0000] {dagbag.py:537} INFO - Filling up the DagBag from /home/airflow/.local/lib/python3.7/site-packages/airflow/example_dags/example_short_circuit_decorator.py
[2022-11-18T12:34:19.351+0000] {processor.py:766} INFO - DAG(s) dict_keys(['example_short_circuit_decorator']) retrieved from /home/airflow/.local/lib/python3.7/site-packages/airflow/example_dags/example_short_circuit_decorator.py
[2022-11-18T12:34:20.828+0000] {logging_mixin.py:137} INFO - [2022-11-18T12:34:20.819+0000] {dag.py:2585} INFO - Sync 1 DAGs
[2022-11-18T12:34:22.403+0000] {logging_mixin.py:137} INFO - [2022-11-18T12:34:22.401+0000] {dag.py:3340} INFO - Setting next_dagrun for example_short_circuit_decorator to 2022-11-17T12:34:22.386371+00:00, run_after=2022-11-18T12:34:22.386371+00:00
[2022-11-18T12:34:23.210+0000] {processor.py:176} INFO - Processing /home/airflow/.local/lib/python3.7/site-packages/airflow/example_dags/example_short_circuit_decorator.py took 4.939 seconds
