[2022-11-18T12:29:04.832+0000] {processor.py:154} INFO - Started process (PID=75) to work on /home/airflow/.local/lib/python3.7/site-packages/airflow/example_dags/example_datasets.py
[2022-11-18T12:29:04.843+0000] {processor.py:756} INFO - Processing file /home/airflow/.local/lib/python3.7/site-packages/airflow/example_dags/example_datasets.py for tasks to queue
[2022-11-18T12:29:04.844+0000] {logging_mixin.py:137} INFO - [2022-11-18T12:29:04.844+0000] {dagbag.py:537} INFO - Filling up the DagBag from /home/airflow/.local/lib/python3.7/site-packages/airflow/example_dags/example_datasets.py
[2022-11-18T12:29:04.938+0000] {processor.py:766} INFO - DAG(s) dict_keys(['dataset_produces_1', 'dataset_produces_2', 'dataset_consumes_1_never_scheduled', 'dataset_consumes_1', 'dataset_consumes_1_and_2', 'dataset_consumes_unknown_never_scheduled']) retrieved from /home/airflow/.local/lib/python3.7/site-packages/airflow/example_dags/example_datasets.py
[2022-11-18T12:29:06.161+0000] {logging_mixin.py:137} INFO - [2022-11-18T12:29:06.160+0000] {dag.py:2585} INFO - Sync 6 DAGs
[2022-11-18T12:29:06.388+0000] {logging_mixin.py:137} INFO - [2022-11-18T12:29:06.388+0000] {dag.py:3340} INFO - Setting next_dagrun for dataset_consumes_1 to None, run_after=None
[2022-11-18T12:29:06.410+0000] {logging_mixin.py:137} INFO - [2022-11-18T12:29:06.410+0000] {dag.py:3340} INFO - Setting next_dagrun for dataset_consumes_1_and_2 to None, run_after=None
[2022-11-18T12:29:06.419+0000] {logging_mixin.py:137} INFO - [2022-11-18T12:29:06.419+0000] {dag.py:3340} INFO - Setting next_dagrun for dataset_consumes_1_never_scheduled to None, run_after=None
[2022-11-18T12:29:06.436+0000] {logging_mixin.py:137} INFO - [2022-11-18T12:29:06.435+0000] {dag.py:3340} INFO - Setting next_dagrun for dataset_consumes_unknown_never_scheduled to None, run_after=None
[2022-11-18T12:29:06.457+0000] {logging_mixin.py:137} INFO - [2022-11-18T12:29:06.456+0000] {dag.py:3340} INFO - Setting next_dagrun for dataset_produces_1 to 2022-11-17T00:00:00+00:00, run_after=2022-11-18T00:00:00+00:00
[2022-11-18T12:29:06.466+0000] {logging_mixin.py:137} INFO - [2022-11-18T12:29:06.465+0000] {dag.py:3340} INFO - Setting next_dagrun for dataset_produces_2 to None, run_after=None
[2022-11-18T12:29:06.803+0000] {processor.py:176} INFO - Processing /home/airflow/.local/lib/python3.7/site-packages/airflow/example_dags/example_datasets.py took 1.983 seconds
[2022-11-18T12:29:36.901+0000] {processor.py:154} INFO - Started process (PID=133) to work on /home/airflow/.local/lib/python3.7/site-packages/airflow/example_dags/example_datasets.py
[2022-11-18T12:29:36.903+0000] {processor.py:756} INFO - Processing file /home/airflow/.local/lib/python3.7/site-packages/airflow/example_dags/example_datasets.py for tasks to queue
[2022-11-18T12:29:36.904+0000] {logging_mixin.py:137} INFO - [2022-11-18T12:29:36.904+0000] {dagbag.py:537} INFO - Filling up the DagBag from /home/airflow/.local/lib/python3.7/site-packages/airflow/example_dags/example_datasets.py
[2022-11-18T12:29:36.931+0000] {processor.py:766} INFO - DAG(s) dict_keys(['dataset_consumes_unknown_never_scheduled', 'dataset_consumes_1_never_scheduled', 'dataset_produces_1', 'dataset_consumes_1', 'dataset_produces_2', 'dataset_consumes_1_and_2']) retrieved from /home/airflow/.local/lib/python3.7/site-packages/airflow/example_dags/example_datasets.py
[2022-11-18T12:29:37.066+0000] {logging_mixin.py:137} INFO - [2022-11-18T12:29:37.066+0000] {dag.py:2585} INFO - Sync 6 DAGs
[2022-11-18T12:29:37.134+0000] {logging_mixin.py:137} INFO - [2022-11-18T12:29:37.134+0000] {dag.py:3340} INFO - Setting next_dagrun for dataset_consumes_1 to None, run_after=None
[2022-11-18T12:29:37.139+0000] {logging_mixin.py:137} INFO - [2022-11-18T12:29:37.139+0000] {dag.py:3340} INFO - Setting next_dagrun for dataset_consumes_1_and_2 to None, run_after=None
[2022-11-18T12:29:37.141+0000] {logging_mixin.py:137} INFO - [2022-11-18T12:29:37.141+0000] {dag.py:3340} INFO - Setting next_dagrun for dataset_consumes_1_never_scheduled to None, run_after=None
[2022-11-18T12:29:37.144+0000] {logging_mixin.py:137} INFO - [2022-11-18T12:29:37.144+0000] {dag.py:3340} INFO - Setting next_dagrun for dataset_consumes_unknown_never_scheduled to None, run_after=None
[2022-11-18T12:29:37.149+0000] {logging_mixin.py:137} INFO - [2022-11-18T12:29:37.149+0000] {dag.py:3340} INFO - Setting next_dagrun for dataset_produces_1 to 2022-11-17T00:00:00+00:00, run_after=2022-11-18T00:00:00+00:00
[2022-11-18T12:29:37.151+0000] {logging_mixin.py:137} INFO - [2022-11-18T12:29:37.151+0000] {dag.py:3340} INFO - Setting next_dagrun for dataset_produces_2 to None, run_after=None
[2022-11-18T12:29:37.208+0000] {processor.py:176} INFO - Processing /home/airflow/.local/lib/python3.7/site-packages/airflow/example_dags/example_datasets.py took 0.311 seconds
[2022-11-18T12:30:12.001+0000] {processor.py:154} INFO - Started process (PID=189) to work on /home/airflow/.local/lib/python3.7/site-packages/airflow/example_dags/example_datasets.py
[2022-11-18T12:30:12.018+0000] {processor.py:756} INFO - Processing file /home/airflow/.local/lib/python3.7/site-packages/airflow/example_dags/example_datasets.py for tasks to queue
[2022-11-18T12:30:12.043+0000] {logging_mixin.py:137} INFO - [2022-11-18T12:30:12.043+0000] {dagbag.py:537} INFO - Filling up the DagBag from /home/airflow/.local/lib/python3.7/site-packages/airflow/example_dags/example_datasets.py
[2022-11-18T12:30:12.367+0000] {processor.py:766} INFO - DAG(s) dict_keys(['dataset_consumes_1_and_2', 'dataset_consumes_1_never_scheduled', 'dataset_produces_2', 'dataset_consumes_1', 'dataset_produces_1', 'dataset_consumes_unknown_never_scheduled']) retrieved from /home/airflow/.local/lib/python3.7/site-packages/airflow/example_dags/example_datasets.py
[2022-11-18T12:30:13.153+0000] {logging_mixin.py:137} INFO - [2022-11-18T12:30:13.153+0000] {dag.py:2585} INFO - Sync 6 DAGs
[2022-11-18T12:30:13.382+0000] {logging_mixin.py:137} INFO - [2022-11-18T12:30:13.382+0000] {dag.py:3340} INFO - Setting next_dagrun for dataset_consumes_1 to None, run_after=None
[2022-11-18T12:30:13.402+0000] {logging_mixin.py:137} INFO - [2022-11-18T12:30:13.401+0000] {dag.py:3340} INFO - Setting next_dagrun for dataset_consumes_1_and_2 to None, run_after=None
[2022-11-18T12:30:13.407+0000] {logging_mixin.py:137} INFO - [2022-11-18T12:30:13.407+0000] {dag.py:3340} INFO - Setting next_dagrun for dataset_consumes_1_never_scheduled to None, run_after=None
[2022-11-18T12:30:13.413+0000] {logging_mixin.py:137} INFO - [2022-11-18T12:30:13.413+0000] {dag.py:3340} INFO - Setting next_dagrun for dataset_consumes_unknown_never_scheduled to None, run_after=None
[2022-11-18T12:30:13.426+0000] {logging_mixin.py:137} INFO - [2022-11-18T12:30:13.425+0000] {dag.py:3340} INFO - Setting next_dagrun for dataset_produces_1 to 2022-11-17T00:00:00+00:00, run_after=2022-11-18T00:00:00+00:00
[2022-11-18T12:30:13.438+0000] {logging_mixin.py:137} INFO - [2022-11-18T12:30:13.438+0000] {dag.py:3340} INFO - Setting next_dagrun for dataset_produces_2 to None, run_after=None
[2022-11-18T12:30:13.828+0000] {processor.py:176} INFO - Processing /home/airflow/.local/lib/python3.7/site-packages/airflow/example_dags/example_datasets.py took 1.883 seconds
[2022-11-18T12:30:44.134+0000] {processor.py:154} INFO - Started process (PID=245) to work on /home/airflow/.local/lib/python3.7/site-packages/airflow/example_dags/example_datasets.py
[2022-11-18T12:30:44.139+0000] {processor.py:756} INFO - Processing file /home/airflow/.local/lib/python3.7/site-packages/airflow/example_dags/example_datasets.py for tasks to queue
[2022-11-18T12:30:44.145+0000] {logging_mixin.py:137} INFO - [2022-11-18T12:30:44.144+0000] {dagbag.py:537} INFO - Filling up the DagBag from /home/airflow/.local/lib/python3.7/site-packages/airflow/example_dags/example_datasets.py
[2022-11-18T12:30:44.198+0000] {processor.py:766} INFO - DAG(s) dict_keys(['dataset_produces_2', 'dataset_consumes_unknown_never_scheduled', 'dataset_consumes_1', 'dataset_produces_1', 'dataset_consumes_1_never_scheduled', 'dataset_consumes_1_and_2']) retrieved from /home/airflow/.local/lib/python3.7/site-packages/airflow/example_dags/example_datasets.py
[2022-11-18T12:30:44.310+0000] {logging_mixin.py:137} INFO - [2022-11-18T12:30:44.309+0000] {dag.py:2585} INFO - Sync 6 DAGs
[2022-11-18T12:30:44.359+0000] {logging_mixin.py:137} INFO - [2022-11-18T12:30:44.358+0000] {dag.py:3340} INFO - Setting next_dagrun for dataset_consumes_1 to None, run_after=None
[2022-11-18T12:30:44.364+0000] {logging_mixin.py:137} INFO - [2022-11-18T12:30:44.364+0000] {dag.py:3340} INFO - Setting next_dagrun for dataset_consumes_1_and_2 to None, run_after=None
[2022-11-18T12:30:44.366+0000] {logging_mixin.py:137} INFO - [2022-11-18T12:30:44.366+0000] {dag.py:3340} INFO - Setting next_dagrun for dataset_consumes_1_never_scheduled to None, run_after=None
[2022-11-18T12:30:44.368+0000] {logging_mixin.py:137} INFO - [2022-11-18T12:30:44.368+0000] {dag.py:3340} INFO - Setting next_dagrun for dataset_consumes_unknown_never_scheduled to None, run_after=None
[2022-11-18T12:30:44.374+0000] {logging_mixin.py:137} INFO - [2022-11-18T12:30:44.373+0000] {dag.py:3340} INFO - Setting next_dagrun for dataset_produces_1 to 2022-11-17T00:00:00+00:00, run_after=2022-11-18T00:00:00+00:00
[2022-11-18T12:30:44.376+0000] {logging_mixin.py:137} INFO - [2022-11-18T12:30:44.375+0000] {dag.py:3340} INFO - Setting next_dagrun for dataset_produces_2 to None, run_after=None
[2022-11-18T12:30:44.423+0000] {processor.py:176} INFO - Processing /home/airflow/.local/lib/python3.7/site-packages/airflow/example_dags/example_datasets.py took 0.300 seconds
[2022-11-18T12:31:14.689+0000] {processor.py:154} INFO - Started process (PID=302) to work on /home/airflow/.local/lib/python3.7/site-packages/airflow/example_dags/example_datasets.py
[2022-11-18T12:31:14.693+0000] {processor.py:756} INFO - Processing file /home/airflow/.local/lib/python3.7/site-packages/airflow/example_dags/example_datasets.py for tasks to queue
[2022-11-18T12:31:14.695+0000] {logging_mixin.py:137} INFO - [2022-11-18T12:31:14.695+0000] {dagbag.py:537} INFO - Filling up the DagBag from /home/airflow/.local/lib/python3.7/site-packages/airflow/example_dags/example_datasets.py
[2022-11-18T12:31:14.751+0000] {processor.py:766} INFO - DAG(s) dict_keys(['dataset_produces_1', 'dataset_consumes_1_and_2', 'dataset_produces_2', 'dataset_consumes_1', 'dataset_consumes_unknown_never_scheduled', 'dataset_consumes_1_never_scheduled']) retrieved from /home/airflow/.local/lib/python3.7/site-packages/airflow/example_dags/example_datasets.py
[2022-11-18T12:31:14.938+0000] {logging_mixin.py:137} INFO - [2022-11-18T12:31:14.938+0000] {dag.py:2585} INFO - Sync 6 DAGs
[2022-11-18T12:31:15.003+0000] {logging_mixin.py:137} INFO - [2022-11-18T12:31:15.003+0000] {dag.py:3340} INFO - Setting next_dagrun for dataset_consumes_1 to None, run_after=None
[2022-11-18T12:31:15.013+0000] {logging_mixin.py:137} INFO - [2022-11-18T12:31:15.013+0000] {dag.py:3340} INFO - Setting next_dagrun for dataset_consumes_1_and_2 to None, run_after=None
[2022-11-18T12:31:15.021+0000] {logging_mixin.py:137} INFO - [2022-11-18T12:31:15.020+0000] {dag.py:3340} INFO - Setting next_dagrun for dataset_consumes_1_never_scheduled to None, run_after=None
[2022-11-18T12:31:15.024+0000] {logging_mixin.py:137} INFO - [2022-11-18T12:31:15.024+0000] {dag.py:3340} INFO - Setting next_dagrun for dataset_consumes_unknown_never_scheduled to None, run_after=None
[2022-11-18T12:31:15.032+0000] {logging_mixin.py:137} INFO - [2022-11-18T12:31:15.032+0000] {dag.py:3340} INFO - Setting next_dagrun for dataset_produces_1 to 2022-11-17T00:00:00+00:00, run_after=2022-11-18T00:00:00+00:00
[2022-11-18T12:31:15.039+0000] {logging_mixin.py:137} INFO - [2022-11-18T12:31:15.039+0000] {dag.py:3340} INFO - Setting next_dagrun for dataset_produces_2 to None, run_after=None
[2022-11-18T12:31:15.081+0000] {processor.py:176} INFO - Processing /home/airflow/.local/lib/python3.7/site-packages/airflow/example_dags/example_datasets.py took 0.399 seconds
[2022-11-18T12:31:45.888+0000] {processor.py:154} INFO - Started process (PID=359) to work on /home/airflow/.local/lib/python3.7/site-packages/airflow/example_dags/example_datasets.py
[2022-11-18T12:31:45.900+0000] {processor.py:756} INFO - Processing file /home/airflow/.local/lib/python3.7/site-packages/airflow/example_dags/example_datasets.py for tasks to queue
[2022-11-18T12:31:45.903+0000] {logging_mixin.py:137} INFO - [2022-11-18T12:31:45.903+0000] {dagbag.py:537} INFO - Filling up the DagBag from /home/airflow/.local/lib/python3.7/site-packages/airflow/example_dags/example_datasets.py
[2022-11-18T12:31:46.023+0000] {processor.py:766} INFO - DAG(s) dict_keys(['dataset_consumes_1', 'dataset_consumes_unknown_never_scheduled', 'dataset_consumes_1_and_2', 'dataset_consumes_1_never_scheduled', 'dataset_produces_1', 'dataset_produces_2']) retrieved from /home/airflow/.local/lib/python3.7/site-packages/airflow/example_dags/example_datasets.py
[2022-11-18T12:31:46.346+0000] {logging_mixin.py:137} INFO - [2022-11-18T12:31:46.345+0000] {dag.py:2585} INFO - Sync 6 DAGs
[2022-11-18T12:31:46.521+0000] {logging_mixin.py:137} INFO - [2022-11-18T12:31:46.519+0000] {dag.py:3340} INFO - Setting next_dagrun for dataset_consumes_1 to None, run_after=None
[2022-11-18T12:31:46.555+0000] {logging_mixin.py:137} INFO - [2022-11-18T12:31:46.554+0000] {dag.py:3340} INFO - Setting next_dagrun for dataset_consumes_1_and_2 to None, run_after=None
[2022-11-18T12:31:46.573+0000] {logging_mixin.py:137} INFO - [2022-11-18T12:31:46.573+0000] {dag.py:3340} INFO - Setting next_dagrun for dataset_consumes_1_never_scheduled to None, run_after=None
[2022-11-18T12:31:46.576+0000] {logging_mixin.py:137} INFO - [2022-11-18T12:31:46.576+0000] {dag.py:3340} INFO - Setting next_dagrun for dataset_consumes_unknown_never_scheduled to None, run_after=None
[2022-11-18T12:31:46.583+0000] {logging_mixin.py:137} INFO - [2022-11-18T12:31:46.583+0000] {dag.py:3340} INFO - Setting next_dagrun for dataset_produces_1 to 2022-11-17T00:00:00+00:00, run_after=2022-11-18T00:00:00+00:00
[2022-11-18T12:31:46.592+0000] {logging_mixin.py:137} INFO - [2022-11-18T12:31:46.592+0000] {dag.py:3340} INFO - Setting next_dagrun for dataset_produces_2 to None, run_after=None
[2022-11-18T12:31:46.911+0000] {processor.py:176} INFO - Processing /home/airflow/.local/lib/python3.7/site-packages/airflow/example_dags/example_datasets.py took 1.086 seconds
[2022-11-18T12:32:51.510+0000] {processor.py:154} INFO - Started process (PID=425) to work on /home/airflow/.local/lib/python3.7/site-packages/airflow/example_dags/example_datasets.py
[2022-11-18T12:32:51.522+0000] {processor.py:756} INFO - Processing file /home/airflow/.local/lib/python3.7/site-packages/airflow/example_dags/example_datasets.py for tasks to queue
[2022-11-18T12:32:51.526+0000] {logging_mixin.py:137} INFO - [2022-11-18T12:32:51.526+0000] {dagbag.py:537} INFO - Filling up the DagBag from /home/airflow/.local/lib/python3.7/site-packages/airflow/example_dags/example_datasets.py
[2022-11-18T12:32:51.758+0000] {processor.py:766} INFO - DAG(s) dict_keys(['dataset_consumes_1_never_scheduled', 'dataset_produces_2', 'dataset_consumes_1_and_2', 'dataset_consumes_1', 'dataset_produces_1', 'dataset_consumes_unknown_never_scheduled']) retrieved from /home/airflow/.local/lib/python3.7/site-packages/airflow/example_dags/example_datasets.py
[2022-11-18T12:32:52.685+0000] {logging_mixin.py:137} INFO - [2022-11-18T12:32:52.684+0000] {dag.py:2585} INFO - Sync 6 DAGs
[2022-11-18T12:32:53.078+0000] {logging_mixin.py:137} INFO - [2022-11-18T12:32:53.074+0000] {dag.py:3340} INFO - Setting next_dagrun for dataset_consumes_1 to None, run_after=None
[2022-11-18T12:32:53.147+0000] {logging_mixin.py:137} INFO - [2022-11-18T12:32:53.146+0000] {dag.py:3340} INFO - Setting next_dagrun for dataset_consumes_1_and_2 to None, run_after=None
[2022-11-18T12:32:53.156+0000] {logging_mixin.py:137} INFO - [2022-11-18T12:32:53.155+0000] {dag.py:3340} INFO - Setting next_dagrun for dataset_consumes_1_never_scheduled to None, run_after=None
[2022-11-18T12:32:53.162+0000] {logging_mixin.py:137} INFO - [2022-11-18T12:32:53.161+0000] {dag.py:3340} INFO - Setting next_dagrun for dataset_consumes_unknown_never_scheduled to None, run_after=None
[2022-11-18T12:32:53.180+0000] {logging_mixin.py:137} INFO - [2022-11-18T12:32:53.179+0000] {dag.py:3340} INFO - Setting next_dagrun for dataset_produces_1 to 2022-11-17T00:00:00+00:00, run_after=2022-11-18T00:00:00+00:00
[2022-11-18T12:32:53.245+0000] {logging_mixin.py:137} INFO - [2022-11-18T12:32:53.245+0000] {dag.py:3340} INFO - Setting next_dagrun for dataset_produces_2 to None, run_after=None
[2022-11-18T12:32:53.749+0000] {processor.py:176} INFO - Processing /home/airflow/.local/lib/python3.7/site-packages/airflow/example_dags/example_datasets.py took 2.263 seconds
[2022-11-18T12:33:36.072+0000] {processor.py:154} INFO - Started process (PID=490) to work on /home/airflow/.local/lib/python3.7/site-packages/airflow/example_dags/example_datasets.py
[2022-11-18T12:33:36.100+0000] {processor.py:756} INFO - Processing file /home/airflow/.local/lib/python3.7/site-packages/airflow/example_dags/example_datasets.py for tasks to queue
[2022-11-18T12:33:36.116+0000] {logging_mixin.py:137} INFO - [2022-11-18T12:33:36.115+0000] {dagbag.py:537} INFO - Filling up the DagBag from /home/airflow/.local/lib/python3.7/site-packages/airflow/example_dags/example_datasets.py
[2022-11-18T12:33:36.377+0000] {processor.py:766} INFO - DAG(s) dict_keys(['dataset_produces_2', 'dataset_consumes_unknown_never_scheduled', 'dataset_consumes_1', 'dataset_consumes_1_and_2', 'dataset_consumes_1_never_scheduled', 'dataset_produces_1']) retrieved from /home/airflow/.local/lib/python3.7/site-packages/airflow/example_dags/example_datasets.py
[2022-11-18T12:33:37.546+0000] {logging_mixin.py:137} INFO - [2022-11-18T12:33:37.542+0000] {dag.py:2585} INFO - Sync 6 DAGs
[2022-11-18T12:33:38.514+0000] {logging_mixin.py:137} INFO - [2022-11-18T12:33:38.513+0000] {dag.py:3340} INFO - Setting next_dagrun for dataset_consumes_1 to None, run_after=None
[2022-11-18T12:33:38.597+0000] {logging_mixin.py:137} INFO - [2022-11-18T12:33:38.597+0000] {dag.py:3340} INFO - Setting next_dagrun for dataset_consumes_1_and_2 to None, run_after=None
[2022-11-18T12:33:38.607+0000] {logging_mixin.py:137} INFO - [2022-11-18T12:33:38.606+0000] {dag.py:3340} INFO - Setting next_dagrun for dataset_consumes_1_never_scheduled to None, run_after=None
[2022-11-18T12:33:38.621+0000] {logging_mixin.py:137} INFO - [2022-11-18T12:33:38.621+0000] {dag.py:3340} INFO - Setting next_dagrun for dataset_consumes_unknown_never_scheduled to None, run_after=None
[2022-11-18T12:33:38.649+0000] {logging_mixin.py:137} INFO - [2022-11-18T12:33:38.649+0000] {dag.py:3340} INFO - Setting next_dagrun for dataset_produces_1 to 2022-11-17T00:00:00+00:00, run_after=2022-11-18T00:00:00+00:00
[2022-11-18T12:33:38.682+0000] {logging_mixin.py:137} INFO - [2022-11-18T12:33:38.682+0000] {dag.py:3340} INFO - Setting next_dagrun for dataset_produces_2 to None, run_after=None
[2022-11-18T12:33:39.710+0000] {processor.py:176} INFO - Processing /home/airflow/.local/lib/python3.7/site-packages/airflow/example_dags/example_datasets.py took 3.683 seconds
[2022-11-18T12:35:09.442+0000] {processor.py:154} INFO - Started process (PID=559) to work on /home/airflow/.local/lib/python3.7/site-packages/airflow/example_dags/example_datasets.py
[2022-11-18T12:35:09.572+0000] {processor.py:756} INFO - Processing file /home/airflow/.local/lib/python3.7/site-packages/airflow/example_dags/example_datasets.py for tasks to queue
[2022-11-18T12:35:09.646+0000] {logging_mixin.py:137} INFO - [2022-11-18T12:35:09.645+0000] {dagbag.py:537} INFO - Filling up the DagBag from /home/airflow/.local/lib/python3.7/site-packages/airflow/example_dags/example_datasets.py
[2022-11-18T12:35:09.745+0000] {processor.py:766} INFO - DAG(s) dict_keys(['dataset_consumes_1_never_scheduled', 'dataset_consumes_1_and_2', 'dataset_consumes_unknown_never_scheduled', 'dataset_produces_2', 'dataset_consumes_1', 'dataset_produces_1']) retrieved from /home/airflow/.local/lib/python3.7/site-packages/airflow/example_dags/example_datasets.py
[2022-11-18T12:35:10.205+0000] {logging_mixin.py:137} INFO - [2022-11-18T12:35:10.205+0000] {dag.py:2585} INFO - Sync 6 DAGs
[2022-11-18T12:35:10.445+0000] {logging_mixin.py:137} INFO - [2022-11-18T12:35:10.444+0000] {dag.py:3340} INFO - Setting next_dagrun for dataset_consumes_1 to None, run_after=None
[2022-11-18T12:35:10.560+0000] {logging_mixin.py:137} INFO - [2022-11-18T12:35:10.560+0000] {dag.py:3340} INFO - Setting next_dagrun for dataset_consumes_1_and_2 to None, run_after=None
[2022-11-18T12:35:10.563+0000] {logging_mixin.py:137} INFO - [2022-11-18T12:35:10.563+0000] {dag.py:3340} INFO - Setting next_dagrun for dataset_consumes_1_never_scheduled to None, run_after=None
[2022-11-18T12:35:10.566+0000] {logging_mixin.py:137} INFO - [2022-11-18T12:35:10.566+0000] {dag.py:3340} INFO - Setting next_dagrun for dataset_consumes_unknown_never_scheduled to None, run_after=None
[2022-11-18T12:35:10.581+0000] {logging_mixin.py:137} INFO - [2022-11-18T12:35:10.580+0000] {dag.py:3340} INFO - Setting next_dagrun for dataset_produces_1 to 2022-11-17T00:00:00+00:00, run_after=2022-11-18T00:00:00+00:00
[2022-11-18T12:35:10.595+0000] {logging_mixin.py:137} INFO - [2022-11-18T12:35:10.586+0000] {dag.py:3340} INFO - Setting next_dagrun for dataset_produces_2 to None, run_after=None
[2022-11-18T12:35:11.191+0000] {processor.py:176} INFO - Processing /home/airflow/.local/lib/python3.7/site-packages/airflow/example_dags/example_datasets.py took 1.783 seconds
